# Logfile created on 2012-05-25 19:12:25 +0530 by logger.rb/31641
2012-05-25 19:12:25.570870 tagfs(4319) [INFO] [daemon-kit]: DaemonKit (0.1.8.2) booting in development mode
2012-05-25 19:12:25.570989 tagfs(4319) [INFO] [daemon-kit]: Setting up trap for USR1
2012-05-25 19:12:25.571078 tagfs(4319) [INFO] [daemon-kit]: Setting up trap for USR2
2012-05-25 19:12:25.571155 tagfs(4319) [INFO] [daemon-kit]: Setting up trap for HUP
2012-05-25 19:12:25.571233 tagfs(4319) [INFO] [daemon-kit]: Setting up trap for INT
2012-05-25 19:12:25.571306 tagfs(4319) [INFO] [daemon-kit]: Setting up trap for TERM
2012-05-25 19:12:25.572550 tagfs(4319) [INFO] [daemon-kit]: DaemonKit (0.1.8.2) booted, now running tagfs
2012-05-25 19:12:25.572638 tagfs(4319) [INFO] tagfs-daemon.rb:16: I'm running
2012-05-25 19:12:29.647414 tagfs(4319) [INFO] [daemon-kit]: Running signal traps for INT
2012-05-25 19:12:29.647612 tagfs(4319) [INFO] [daemon-kit]: Running shutdown hooks
2012-05-25 19:12:29.647753 tagfs(4319) [WARN] [daemon-kit]: Shutting down tagfs
2012-05-25 19:12:32.539385 tagfs(4326) [INFO] [daemon-kit]: DaemonKit (0.1.8.2) booting in development mode
2012-05-25 19:12:32.539658 tagfs(4326) [INFO] [daemon-kit]: Setting up trap for USR1
2012-05-25 19:12:32.539811 tagfs(4326) [INFO] [daemon-kit]: Setting up trap for USR2
2012-05-25 19:12:32.539945 tagfs(4326) [INFO] [daemon-kit]: Setting up trap for HUP
2012-05-25 19:12:32.540089 tagfs(4326) [INFO] [daemon-kit]: Setting up trap for INT
2012-05-25 19:12:32.540219 tagfs(4326) [INFO] [daemon-kit]: Setting up trap for TERM
2012-05-25 19:12:32.541895 tagfs(4326) [INFO] [daemon-kit]: DaemonKit (0.1.8.2) booted, now running tagfs
2012-05-25 19:12:32.542054 tagfs(4326) [INFO] tagfs-daemon.rb:16: I'm running
2012-05-25 19:12:47.345846 tagfs(4326) [INFO] [daemon-kit]: Running signal traps for TERM
2012-05-25 19:12:47.346081 tagfs(4326) [INFO] [daemon-kit]: Running shutdown hooks
2012-05-25 19:12:47.346237 tagfs(4326) [WARN] [daemon-kit]: Shutting down tagfs
